<?xml version="1.0" encoding="UTF-8"?>
<robot generator="Robot 7.1.1 (Python 3.13.0 on win32)" generated="2024-10-24T09:05:44.000284" rpa="false" schemaversion="5">
<suite id="s1" name="Exercise1" source="G:\My Drive\Metropolia\YEAR_3\02_Software Test Automation for Embedded Systems\Exercises\ex1_using-libraries-and-keywords\exercise1.robot">
<test id="s1-t1" name="Remove Address File" line="15">
<kw name="Remove Existing Address File">
<kw name="Run Keyword And Return Status" owner="BuiltIn">
<kw name="File Should Exist" owner="OperatingSystem">
<msg time="2024-10-24T09:05:44.126400" level="FAIL">File 'C:\Users\andig\Documents\Metropolia_localsave\Innovation_Project\Control_UI\Control_UI\UsersandigDocumentsMetropolia_localsaveSoftware_Test_AutomationExercisesex1_using-libraries-and-keywordsfile.txt' does not exist.</msg>
<arg>${file_name}</arg>
<doc>Fails unless the given ``path`` points to an existing file.</doc>
<status status="FAIL" start="2024-10-24T09:05:44.125630" elapsed="0.001341">File 'C:\Users\andig\Documents\Metropolia_localsave\Innovation_Project\Control_UI\Control_UI\UsersandigDocumentsMetropolia_localsaveSoftware_Test_AutomationExercisesex1_using-libraries-and-keywordsfile.txt' does not exist.</status>
</kw>
<msg time="2024-10-24T09:05:44.127492" level="INFO">${file_exists} = False</msg>
<var>${file_exists}</var>
<arg>File Should Exist</arg>
<arg>${file_name}</arg>
<doc>Runs the given keyword with given arguments and returns the status as a Boolean value.</doc>
<status status="PASS" start="2024-10-24T09:05:44.125012" elapsed="0.002662"/>
</kw>
<if>
<branch type="IF" condition="${file_exists}">
<kw name="Get File" owner="OperatingSystem">
<var>${first_line}</var>
<arg>${file_name}</arg>
<arg>first_line_only=True</arg>
<doc>Returns the contents of a specified file.</doc>
<status status="NOT RUN" start="2024-10-24T09:05:44.128304" elapsed="0.000104"/>
</kw>
<kw name="Log To Console" owner="BuiltIn">
<arg>Removing Name: ${first_line}</arg>
<doc>Logs the given message to the console.</doc>
<status status="NOT RUN" start="2024-10-24T09:05:44.128568" elapsed="0.000078"/>
</kw>
<kw name="Remove File" owner="OperatingSystem">
<arg>${file_name}</arg>
<doc>Removes a file with the given path.</doc>
<status status="NOT RUN" start="2024-10-24T09:05:44.128768" elapsed="0.000077"/>
</kw>
<kw name="Log To Console" owner="BuiltIn">
<arg>File ${file_name} has been deleted.</arg>
<doc>Logs the given message to the console.</doc>
<status status="NOT RUN" start="2024-10-24T09:05:44.128976" elapsed="0.000084"/>
</kw>
<status status="NOT RUN" start="2024-10-24T09:05:44.127980" elapsed="0.001150"/>
</branch>
<branch type="ELSE">
<kw name="Log To Console" owner="BuiltIn">
<arg>File ${file_name} does not exist, nothing to delete.</arg>
<doc>Logs the given message to the console.</doc>
<status status="PASS" start="2024-10-24T09:05:44.129469" elapsed="0.000579"/>
</kw>
<status status="PASS" start="2024-10-24T09:05:44.129228" elapsed="0.000972"/>
</branch>
<status status="PASS" start="2024-10-24T09:05:44.127930" elapsed="0.002346"/>
</if>
<arg>C:\Users\andig\Documents\Metropolia_localsave\Software_Test_Automation\Exercises\ex1_using-libraries-and-keywords\file.txt</arg>
<status status="PASS" start="2024-10-24T09:05:44.123648" elapsed="0.006756"/>
</kw>
<status status="PASS" start="2024-10-24T09:05:44.121959" elapsed="0.008638"/>
</test>
<status status="PASS" start="2024-10-24T09:05:44.034332" elapsed="0.097053"/>
</suite>
<statistics>
<total>
<stat pass="1" fail="0" skip="0">All Tests</stat>
</total>
<tag>
</tag>
<suite>
<stat pass="1" fail="0" skip="0" id="s1" name="Exercise1">Exercise1</stat>
</suite>
</statistics>
<errors>
<msg time="2024-10-24T09:05:44.117457" level="ERROR">Error in file 'G:\My Drive\Metropolia\YEAR_3\02_Software Test Automation for Embedded Systems\Exercises\ex1_using-libraries-and-keywords\exercise1.robot' on line 6: Importing library 'FakerLibrary' failed: ModuleNotFoundError: No module named 'FakerLibrary'
Traceback (most recent call last):
  None
PYTHONPATH:
  C:\Users\andig\AppData\Roaming\JetBrains\PyCharm2023.3\plugins\robotframework-intellij\lib\robotframework_debug_adapter
  C:\Users\andig\Documents\Metropolia_localsave\Innovation_Project\Control_UI\Control_UI
  C:\Users\andig\AppData\Roaming\JetBrains\PyCharm2023.3\plugins\robotframework-intellij\lib
  C:\Users\andig\AppData\Roaming\JetBrains\PyCharm2023.3\plugins\robotframework-intellij\lib\robotframework_ls\vendored
  C:\Users\andig\AppData\Local\Programs\Python\Python313\python313.zip
  C:\Users\andig\AppData\Local\Programs\Python\Python313\DLLs
  C:\Users\andig\AppData\Local\Programs\Python\Python313\Lib
  C:\Users\andig\AppData\Local\Programs\Python\Python313
  C:\Users\andig\AppData\Local\Programs\Python\Python313\Lib\site-packages</msg>
</errors>
</robot>
